11/09/2017 15:26:32, Info: Initializing SIMPLSharp Services...
11/09/2017 15:26:32, Info: ProjectInfo successfully initialized.
11/09/2017 15:32:39, Info: Validating assembly D:\OneDrive\Visual Studio 2008\Projects\_Testing\XML Data Store\XML Data Store\bin\XML Data Store.dll...
11/09/2017 15:32:39, Info: Verifying assembly D:\OneDrive\Visual Studio 2008\Projects\_Testing\XML Data Store\XML Data Store\bin\XML Data Store.dll
11/09/2017 15:32:39, Info: Creating Archive D:\OneDrive\Visual Studio 2008\Projects\_Testing\XML Data Store\XML Data Store\bin\XML Data Store.clz...
11/09/2017 15:32:40, Info: Saving project information...
11/09/2017 15:38:44, Info: Validating assembly D:\OneDrive\Visual Studio 2008\Projects\_Testing\XML Data Store\XML Data Store\bin\XML Data Store.dll...
11/09/2017 15:38:44, Info: Verifying assembly D:\OneDrive\Visual Studio 2008\Projects\_Testing\XML Data Store\XML Data Store\bin\XML Data Store.dll
11/09/2017 15:38:44, Info: Creating Archive D:\OneDrive\Visual Studio 2008\Projects\_Testing\XML Data Store\XML Data Store\bin\XML Data Store.clz...
11/09/2017 15:38:45, Info: Saving project information...
11/09/2017 15:41:30, Info: Saving project information...
11/09/2017 15:41:30, Info: Saving project information...
11/09/2017 15:41:50, Info: Saving project information...
11/09/2017 15:41:50, Info: Saving project information...
11/09/2017 15:41:50, Info: Saving project information...
11/09/2017 15:41:50, Info: Saving project information...
11/09/2017 15:41:50, Info: Validating assembly D:\OneDrive\Visual Studio 2008\Projects\_Testing\XML Data Store\XML Data Store\bin\XML Data Store.dll...
11/09/2017 15:41:50, Info: Verifying assembly D:\OneDrive\Visual Studio 2008\Projects\_Testing\XML Data Store\XML Data Store\bin\XML Data Store.dll
11/09/2017 15:41:50, Info: Creating Archive D:\OneDrive\Visual Studio 2008\Projects\_Testing\XML Data Store\XML Data Store\bin\XML Data Store.clz...
11/09/2017 15:41:51, Info: Saving project information...
11/09/2017 15:42:15, Info: Validating assembly D:\OneDrive\Visual Studio 2008\Projects\_Testing\XML Data Store\XML Data Store\bin\XML Data Store.dll...
11/09/2017 15:42:15, Info: Verifying assembly D:\OneDrive\Visual Studio 2008\Projects\_Testing\XML Data Store\XML Data Store\bin\XML Data Store.dll
11/09/2017 15:42:15, Info: Creating Archive D:\OneDrive\Visual Studio 2008\Projects\_Testing\XML Data Store\XML Data Store\bin\XML Data Store.clz...
11/09/2017 15:42:16, Info: Saving project information...
11/09/2017 15:42:24, Info: Terminating SIMPLSharp Services
